INFO:root:Missing Values:
age    1
dtype: int64
INFO:root:Missing Values:
age    1
dtype: int64
INFO:root:File: example_data.csv, Path: /workspaces/asset_information/data_quality_basic/example_data.csv, Column: age, Issue: Missing Values: 1
2024-05-26 08:42:22,888 - INFO - Starting data quality checks.
2024-05-26 08:42:22,888 - DEBUG - Checking for missing values.
2024-05-26 08:42:22,889 - INFO - File: example_data.csv, Path: /workspaces/asset_information/data_quality_basic/example_data.csv, Column: age, Issue: Missing Values: 1
2024-05-26 08:42:22,889 - DEBUG - Checking for duplicate rows.
2024-05-26 08:42:22,890 - DEBUG - File: example_data.csv, Path: /workspaces/asset_information/data_quality_basic/example_data.csv, Column: All Columns, Issue: No duplicate rows found.
2024-05-26 08:42:22,890 - DEBUG - Checking for inconsistencies in column 'gender'.
2024-05-26 08:42:22,891 - DEBUG - File: example_data.csv, Path: /workspaces/asset_information/data_quality_basic/example_data.csv, Column: gender, Issue: No gender inconsistencies found.
2024-05-26 08:42:22,891 - INFO - Data quality checks completed.
2024-05-26 08:44:05,099 - INFO - Starting data quality checks.
2024-05-26 08:44:05,100 - DEBUG - Checking for missing values.
2024-05-26 08:44:05,101 - INFO - File: example_data.csv, Path: /workspaces/asset_information/data_quality_basic/example_data.csv, Column: age, Issue: Missing Values: 1 (Passed: 4, Failed: 1)
2024-05-26 08:44:05,102 - DEBUG - Checking for duplicate rows.
2024-05-26 08:44:05,103 - INFO - File: example_data.csv, Path: /workspaces/asset_information/data_quality_basic/example_data.csv, Column: All Columns, Issue: No duplicate rows found. (Passed: 5, Failed: 0)
2024-05-26 08:44:05,103 - DEBUG - Checking for inconsistencies in column 'gender'.
2024-05-26 08:44:05,103 - INFO - File: example_data.csv, Path: /workspaces/asset_information/data_quality_basic/example_data.csv, Column: gender, Issue: No gender inconsistencies found. (Passed: 5, Failed: 0)
2024-05-26 08:44:05,104 - INFO - Data quality checks completed.
2024-05-26 08:45:49,496 - INFO - Starting data quality checks.
2024-05-26 08:45:49,496 - DEBUG - Checking for missing values.
2024-05-26 08:45:49,498 - INFO - File: example_data.csv, Path: /workspaces/asset_information/data_quality_basic/example_data.csv, Column: name, Issue: No missing values found. (Passed: 5, Failed: 0), Indices: 
2024-05-26 08:45:49,498 - INFO - File: example_data.csv, Path: /workspaces/asset_information/data_quality_basic/example_data.csv, Column: age, Issue: Missing Values: 1 (Passed: 4, Failed: 1), Indices: 2
2024-05-26 08:45:49,499 - INFO - File: example_data.csv, Path: /workspaces/asset_information/data_quality_basic/example_data.csv, Column: gender, Issue: No missing values found. (Passed: 5, Failed: 0), Indices: 
2024-05-26 08:45:49,499 - INFO - File: example_data.csv, Path: /workspaces/asset_information/data_quality_basic/example_data.csv, Column: email, Issue: No missing values found. (Passed: 5, Failed: 0), Indices: 
2024-05-26 08:45:49,499 - DEBUG - Checking for duplicate rows.
2024-05-26 08:45:49,500 - INFO - File: example_data.csv, Path: /workspaces/asset_information/data_quality_basic/example_data.csv, Column: All Columns, Issue: No duplicate rows found. (Passed: 5, Failed: 0), Indices: 
2024-05-26 08:45:49,500 - DEBUG - Checking for inconsistencies in column 'gender'.
2024-05-26 08:45:49,501 - INFO - File: example_data.csv, Path: /workspaces/asset_information/data_quality_basic/example_data.csv, Column: gender, Issue: No gender inconsistencies found. (Passed: 5, Failed: 0), Indices: 
2024-05-26 08:45:49,501 - INFO - Data quality checks completed.
